<?xml version="1.0" encoding="UTF-8"?>
<!-- Generated by org.testng.reporters.JUnitXMLReporter -->
<testsuite ignored="1" hostname="HIJ-LP320" failures="0" tests="1" name="Default test" time="7.467" errors="0" timestamp="2025-01-02T12:52:28 IST">
  <testcase classname="rahulshettyacademy.Tests.ErrorValidationsTest" name="loginErrorValidation" time="0.84"/>
  <testcase classname="rahulshettyacademy.Tests.ErrorValidationsTest" name="productErrorValidation" time="0.0">
    <ignored/>
  </testcase> <!-- productErrorValidation -->
</testsuite> <!-- Default test -->
