<?xml version="1.0" encoding="UTF-8"?>
<testng-results ignored="0" total="2" passed="2" failed="0" skipped="0">
  <reporter-output>
  </reporter-output>
  <suite started-at="2025-01-03T13:03:02 IST" name="Suite" finished-at="2025-01-03T13:03:23 IST" duration-ms="20977">
    <groups>
      <group name="purchase">
        <method signature="SubmitOrderTest.submitOrder(java.util.HashMap)[pri:0, instance:rahulshettyacademy.Tests.SubmitOrderTest@6c80d78a]" name="submitOrder" class="rahulshettyacademy.Tests.SubmitOrderTest"/>
      </group> <!-- purchase -->
    </groups>
    <test started-at="2025-01-03T13:03:02 IST" name="Error Validations Test" finished-at="2025-01-03T13:03:02 IST" duration-ms="17">
    </test> <!-- Error Validations Test -->
    <test started-at="2025-01-03T13:03:02 IST" name="Submit Order Test" finished-at="2025-01-03T13:03:23 IST" duration-ms="20977">
      <class name="rahulshettyacademy.Tests.SubmitOrderTest">
        <test-method is-config="true" signature="launchApplication()[pri:0, instance:rahulshettyacademy.Tests.SubmitOrderTest@6c80d78a]" started-at="2025-01-03T13:03:03 IST" name="launchApplication" finished-at="2025-01-03T13:03:09 IST" duration-ms="5928" status="PASS">
          <reporter-output>
          </reporter-output>
        </test-method> <!-- launchApplication -->
        <test-method signature="submitOrder(java.util.HashMap)[pri:0, instance:rahulshettyacademy.Tests.SubmitOrderTest@6c80d78a]" started-at="2025-01-03T13:03:09 IST" name="submitOrder" data-provider="getData" finished-at="2025-01-03T13:03:13 IST" duration-ms="4176" status="PASS">
          <params>
            <param index="0">
              <value>
                <![CDATA[{password=Kiakivi@23, product=IPHONE 13 PRO, email=kiakivi@gmail.com}]]>
              </value>
            </param>
          </params>
          <reporter-output>
          </reporter-output>
        </test-method> <!-- submitOrder -->
        <test-method is-config="true" signature="tearDown()[pri:0, instance:rahulshettyacademy.Tests.SubmitOrderTest@6c80d78a]" started-at="2025-01-03T13:03:13 IST" name="tearDown" finished-at="2025-01-03T13:03:13 IST" duration-ms="546" status="PASS">
          <reporter-output>
          </reporter-output>
        </test-method> <!-- tearDown -->
        <test-method is-config="true" signature="launchApplication()[pri:0, instance:rahulshettyacademy.Tests.SubmitOrderTest@6c80d78a]" started-at="2025-01-03T13:03:13 IST" name="launchApplication" finished-at="2025-01-03T13:03:18 IST" duration-ms="4664" status="PASS">
          <reporter-output>
          </reporter-output>
        </test-method> <!-- launchApplication -->
        <test-method signature="submitOrder(java.util.HashMap)[pri:0, instance:rahulshettyacademy.Tests.SubmitOrderTest@6c80d78a]" started-at="2025-01-03T13:03:18 IST" name="submitOrder" data-provider="getData" finished-at="2025-01-03T13:03:22 IST" duration-ms="4494" status="PASS">
          <params>
            <param index="0">
              <value>
                <![CDATA[{password=Vjjkia@2525, product=ADIDAS ORIGINAL, email=vjjkia@gmail.com}]]>
              </value>
            </param>
          </params>
          <reporter-output>
          </reporter-output>
        </test-method> <!-- submitOrder -->
        <test-method is-config="true" signature="tearDown()[pri:0, instance:rahulshettyacademy.Tests.SubmitOrderTest@6c80d78a]" started-at="2025-01-03T13:03:22 IST" name="tearDown" finished-at="2025-01-03T13:03:23 IST" duration-ms="702" status="PASS">
          <reporter-output>
          </reporter-output>
        </test-method> <!-- tearDown -->
      </class> <!-- rahulshettyacademy.Tests.SubmitOrderTest -->
    </test> <!-- Submit Order Test -->
  </suite> <!-- Suite -->
</testng-results>
