<?xml version="1.0" encoding="UTF-8"?>
<testng-results ignored="0" total="1" passed="1" failed="0" skipped="0">
  <reporter-output>
  </reporter-output>
  <suite started-at="2025-01-04T12:02:33 IST" name="Suite" finished-at="2025-01-04T12:02:39 IST" duration-ms="6580">
    <groups>
      <group name="ErrorHandling">
        <method signature="ErrorValidationsTest.loginErrorValidation()[pri:0, instance:rahulshettyacademy.Tests.ErrorValidationsTest@b3ca52e]" name="loginErrorValidation" class="rahulshettyacademy.Tests.ErrorValidationsTest"/>
      </group> <!-- ErrorHandling -->
    </groups>
    <test started-at="2025-01-04T12:02:33 IST" name="Submit Order Test" finished-at="2025-01-04T12:02:33 IST" duration-ms="26">
    </test> <!-- Submit Order Test -->
    <test started-at="2025-01-04T12:02:33 IST" name="Error Validations Test" finished-at="2025-01-04T12:02:39 IST" duration-ms="6580">
      <class name="rahulshettyacademy.Tests.ErrorValidationsTest">
        <test-method is-config="true" signature="launchApplication()[pri:0, instance:rahulshettyacademy.Tests.ErrorValidationsTest@b3ca52e]" started-at="2025-01-04T12:02:33 IST" name="launchApplication" finished-at="2025-01-04T12:02:38 IST" duration-ms="5433" status="PASS">
          <reporter-output>
          </reporter-output>
        </test-method> <!-- launchApplication -->
        <test-method signature="loginErrorValidation()[pri:0, instance:rahulshettyacademy.Tests.ErrorValidationsTest@b3ca52e]" started-at="2025-01-04T12:02:38 IST" name="loginErrorValidation" finished-at="2025-01-04T12:02:39 IST" duration-ms="782" status="PASS">
          <reporter-output>
          </reporter-output>
        </test-method> <!-- loginErrorValidation -->
        <test-method is-config="true" signature="tearDown()[pri:0, instance:rahulshettyacademy.Tests.ErrorValidationsTest@b3ca52e]" started-at="2025-01-04T12:02:39 IST" name="tearDown" finished-at="2025-01-04T12:02:39 IST" duration-ms="196" status="PASS">
          <reporter-output>
          </reporter-output>
        </test-method> <!-- tearDown -->
      </class> <!-- rahulshettyacademy.Tests.ErrorValidationsTest -->
    </test> <!-- Error Validations Test -->
  </suite> <!-- Suite -->
</testng-results>
